5/20/2023 5:17:19 AM	This log contains information about the import schema operation into project 'Transflo' on computer 'EGYIT-MGERGES' by user 'mgerges'.
5/20/2023 5:17:19 AM	Import of database schema has started.
5/20/2023 5:17:24 AM	Gathering database credentials
5/20/2023 5:17:24 AM	Gathering database options
5/20/2023 5:17:24 AM	Gathering generic database scoped configuration option
5/20/2023 5:17:24 AM	Gathering users
5/20/2023 5:17:24 AM	Gathering roles
5/20/2023 5:17:24 AM	Gathering application roles
5/20/2023 5:17:24 AM	Gathering role memberships
5/20/2023 5:17:24 AM	Gathering filegroups
5/20/2023 5:17:24 AM	Gathering full-text catalogs
5/20/2023 5:17:24 AM	Gathering assemblies
5/20/2023 5:17:24 AM	Gathering certificates
5/20/2023 5:17:24 AM	Gathering asymmetric keys
5/20/2023 5:17:24 AM	Gathering symmetric keys
5/20/2023 5:17:24 AM	Gathering encrypted symmetric keys
5/20/2023 5:17:24 AM	Gathering schemas
5/20/2023 5:17:24 AM	Gathering XML schema collections
5/20/2023 5:17:24 AM	Gathering user-defined data types
5/20/2023 5:17:24 AM	Gathering user-defined types
5/20/2023 5:17:24 AM	Gathering table types
5/20/2023 5:17:24 AM	Gathering unique keys for table types
5/20/2023 5:17:24 AM	Gathering primary keys for table types
5/20/2023 5:17:24 AM	Gathering indexes for table types
5/20/2023 5:17:24 AM	Gathering check constraints for table types
5/20/2023 5:17:24 AM	Gathering default constraints for table types
5/20/2023 5:17:24 AM	Gathering partition functions
5/20/2023 5:17:24 AM	Gathering partition schemes
5/20/2023 5:17:24 AM	Gathering functions
5/20/2023 5:17:24 AM	Gathering encrypted functions
5/20/2023 5:17:24 AM	Gathering aggregates
5/20/2023 5:17:24 AM	Gathering procedures
5/20/2023 5:17:24 AM	Gathering encrypted procedures
5/20/2023 5:17:24 AM	Gathering tables
5/20/2023 5:17:24 AM	Gathering primary keys
5/20/2023 5:17:24 AM	Gathering unique constraints
5/20/2023 5:17:24 AM	Gathering foreign keys
5/20/2023 5:17:24 AM	Gathering default constraints
5/20/2023 5:17:24 AM	Gathering check constraints
5/20/2023 5:17:24 AM	Gathering views
5/20/2023 5:17:24 AM	Gathering encrypted views
5/20/2023 5:17:24 AM	Gathering indexes
5/20/2023 5:17:24 AM	Gathering statistics
5/20/2023 5:17:24 AM	Gathering full-text index stoplists
5/20/2023 5:17:24 AM	Gathering search property lists
5/20/2023 5:17:24 AM	Gathering search properties
5/20/2023 5:17:24 AM	Gathering full-text indexes
5/20/2023 5:17:24 AM	Gathering column store indexes
5/20/2023 5:17:24 AM	Gathering spatial indexes
5/20/2023 5:17:24 AM	Gathering XML indexes
5/20/2023 5:17:24 AM	Gathering Selective XML indexes
5/20/2023 5:17:24 AM	Gathering encrypted triggers
5/20/2023 5:17:24 AM	Gathering triggers
5/20/2023 5:17:24 AM	Gathering encrypted and clr ddl triggers
5/20/2023 5:17:24 AM	Gathering ddl triggers
5/20/2023 5:17:24 AM	Creating edge constraints
5/20/2023 5:17:24 AM	Gathering synonyms
5/20/2023 5:17:24 AM	Gathering defaults
5/20/2023 5:17:24 AM	Gathering data constraint uddt bindings
5/20/2023 5:17:24 AM	Gathering rules
5/20/2023 5:17:24 AM	Gathering data constraint uddt bindings
5/20/2023 5:17:24 AM	Gathering message types
5/20/2023 5:17:24 AM	Gathering queues
5/20/2023 5:17:24 AM	Gathering contracts
5/20/2023 5:17:24 AM	Gathering services
5/20/2023 5:17:24 AM	Gathering event notifications
5/20/2023 5:17:24 AM	Gathering remote service bindings
5/20/2023 5:17:24 AM	Gathering broker priorities
5/20/2023 5:17:24 AM	Gathering signatures
5/20/2023 5:17:24 AM	Gathering data compression options
5/20/2023 5:17:24 AM	Gathering sequence types
5/20/2023 5:17:24 AM	Gathering security policies
5/20/2023 5:17:24 AM	Gather column encryption keys
5/20/2023 5:17:24 AM	Gathering column master keys
5/20/2023 5:17:24 AM	Gathering external data sources
5/20/2023 5:17:24 AM	Gathering external file formats
5/20/2023 5:17:24 AM	Gathering external tables
5/20/2023 5:17:24 AM	Gathering extended properties
5/20/2023 5:17:24 AM	Gathering assemblies
5/20/2023 5:17:24 AM	Gathering credentials
5/20/2023 5:17:24 AM	Gathering logins
5/20/2023 5:17:24 AM	Gathering server audits
5/20/2023 5:17:24 AM	Scanning project for duplicate elements
5/20/2023 5:17:24 AM	Finished duplicate element processing
5/20/2023 5:17:25 AM	Finished importing database.
5/20/2023 5:17:25 AM	A summary of the import was saved to the following location: C:\Users\mgerges\source\repos\TransfeloTask\Transflo\Import Schema Logs\Transflo_20230520021719.log
5/20/2023 5:17:25 AM	Click Finish to continue...
